Base path: C:/Program Files/Unity/Editor/Data
Cmd: getPlatforms
Cmd: compileSnippet
  api=4 type=0 insize=1683 outsize=1278 kw=DIRECTIONAL SHADOWS_SCREEN LIGHTMAP_OFF DYNAMICLIGHTMAP_OFF VERTEXLIGHT_ON GRASS_HEIGHT_SMOOTHING GRASS_WIDTH_SMOOTHING SIMPLE_GRASS GRASS_RENDERTEXTURE_DISPLACEMENT pd=UNITY_ENABLE_REFLECTION_BUFFERS UNITY_PBS_USE_BRDF1 UNITY_SPECCUBE_BOX_PROJECTION UNITY_SPECCUBE_BLENDING ok=1
Cmd: compileSnippet
  api=4 type=4 insize=1683 outsize=9082 kw=DIRECTIONAL SHADOWS_SCREEN LIGHTMAP_OFF DYNAMICLIGHTMAP_OFF GRASS_HEIGHT_SMOOTHING GRASS_WIDTH_SMOOTHING SIMPLE_GRASS GRASS_RENDERTEXTURE_DISPLACEMENT pd=UNITY_ENABLE_REFLECTION_BUFFERS UNITY_PBS_USE_BRDF1 UNITY_SPECCUBE_BOX_PROJECTION UNITY_SPECCUBE_BLENDING ok=1
Cmd: compileSnippet
  api=4 type=2 insize=1683 outsize=3642 kw=DIRECTIONAL SHADOWS_SCREEN LIGHTMAP_OFF DYNAMICLIGHTMAP_OFF GRASS_HEIGHT_SMOOTHING GRASS_WIDTH_SMOOTHING SIMPLE_GRASS GRASS_RENDERTEXTURE_DISPLACEMENT pd=UNITY_ENABLE_REFLECTION_BUFFERS UNITY_PBS_USE_BRDF1 UNITY_SPECCUBE_BOX_PROJECTION UNITY_SPECCUBE_BLENDING ok=1
Cmd: compileSnippet
  api=4 type=3 insize=1683 outsize=4922 kw=DIRECTIONAL SHADOWS_SCREEN LIGHTMAP_OFF DYNAMICLIGHTMAP_OFF GRASS_HEIGHT_SMOOTHING GRASS_WIDTH_SMOOTHING SIMPLE_GRASS GRASS_RENDERTEXTURE_DISPLACEMENT pd=UNITY_ENABLE_REFLECTION_BUFFERS UNITY_PBS_USE_BRDF1 UNITY_SPECCUBE_BOX_PROJECTION UNITY_SPECCUBE_BLENDING ok=1
Cmd: compileSnippet
  api=4 type=0 insize=1695 outsize=1206 kw=SPOT SHADOWS_DEPTH GRASS_HEIGHT_SMOOTHING GRASS_WIDTH_SMOOTHING SIMPLE_GRASS pd=UNITY_ENABLE_REFLECTION_BUFFERS UNITY_PBS_USE_BRDF1 UNITY_SPECCUBE_BOX_PROJECTION UNITY_SPECCUBE_BLENDING ok=1
Cmd: compileSnippet
  api=4 type=0 insize=1695 outsize=1278 kw=DIRECTIONAL GRASS_HEIGHT_SMOOTHING GRASS_WIDTH_SMOOTHING SIMPLE_GRASS GRASS_RENDERTEXTURE_DISPLACEMENT pd=UNITY_ENABLE_REFLECTION_BUFFERS UNITY_PBS_USE_BRDF1 UNITY_SPECCUBE_BOX_PROJECTION UNITY_SPECCUBE_BLENDING ok=1
Cmd: compileSnippet
  api=4 type=0 insize=1695 outsize=1206 kw=POINT SHADOWS_CUBE GRASS_HEIGHT_SMOOTHING GRASS_WIDTH_SMOOTHING SIMPLE_GRASS GRASS_RENDERTEXTURE_DISPLACEMENT pd=UNITY_ENABLE_REFLECTION_BUFFERS UNITY_PBS_USE_BRDF1 UNITY_SPECCUBE_BOX_PROJECTION UNITY_SPECCUBE_BLENDING ok=1
Cmd: compileSnippet
  api=4 type=1 insize=1695 outsize=3086 kw=POINT GRASS_HEIGHT_SMOOTHING GRASS_WIDTH_SMOOTHING SIMPLE_GRASS pd=UNITY_ENABLE_REFLECTION_BUFFERS UNITY_PBS_USE_BRDF1 UNITY_SPECCUBE_BOX_PROJECTION UNITY_SPECCUBE_BLENDING ok=1
Cmd: compileSnippet
  api=4 type=1 insize=1695 outsize=3086 kw=POINT GRASS_HEIGHT_SMOOTHING GRASS_WIDTH_SMOOTHING SIMPLE_GRASS GRASS_RENDERTEXTURE_DISPLACEMENT pd=UNITY_ENABLE_REFLECTION_BUFFERS UNITY_PBS_USE_BRDF1 UNITY_SPECCUBE_BOX_PROJECTION UNITY_SPECCUBE_BLENDING ok=1
Cmd: compileSnippet
  api=4 type=1 insize=1695 outsize=3530 kw=POINT_COOKIE SHADOWS_CUBE GRASS_HEIGHT_SMOOTHING GRASS_WIDTH_SMOOTHING SIMPLE_GRASS GRASS_RENDERTEXTURE_DISPLACEMENT pd=UNITY_ENABLE_REFLECTION_BUFFERS UNITY_PBS_USE_BRDF1 UNITY_SPECCUBE_BOX_PROJECTION UNITY_SPECCUBE_BLENDING ok=1
Cmd: compileSnippet
  api=4 type=4 insize=1695 outsize=9594 kw=SPOT SHADOWS_DEPTH GRASS_HEIGHT_SMOOTHING GRASS_WIDTH_SMOOTHING SIMPLE_GRASS pd=UNITY_ENABLE_REFLECTION_BUFFERS UNITY_PBS_USE_BRDF1 UNITY_SPECCUBE_BOX_PROJECTION UNITY_SPECCUBE_BLENDING ok=1
Cmd: compileSnippet
  api=4 type=4 insize=1695 outsize=8526 kw=POINT_COOKIE GRASS_HEIGHT_SMOOTHING GRASS_WIDTH_SMOOTHING SIMPLE_GRASS GRASS_RENDERTEXTURE_DISPLACEMENT pd=UNITY_ENABLE_REFLECTION_BUFFERS UNITY_PBS_USE_BRDF1 UNITY_SPECCUBE_BOX_PROJECTION UNITY_SPECCUBE_BLENDING ok=1
Cmd: compileSnippet
  api=4 type=4 insize=1695 outsize=9398 kw=POINT SHADOWS_CUBE SHADOWS_SOFT GRASS_HEIGHT_SMOOTHING GRASS_WIDTH_SMOOTHING SIMPLE_GRASS GRASS_RENDERTEXTURE_DISPLACEMENT pd=UNITY_ENABLE_REFLECTION_BUFFERS UNITY_PBS_USE_BRDF1 UNITY_SPECCUBE_BOX_PROJECTION UNITY_SPECCUBE_BLENDING ok=1
Cmd: compileSnippet
  api=4 type=2 insize=1695 outsize=3642 kw=POINT_COOKIE GRASS_HEIGHT_SMOOTHING GRASS_WIDTH_SMOOTHING SIMPLE_GRASS pd=UNITY_ENABLE_REFLECTION_BUFFERS UNITY_PBS_USE_BRDF1 UNITY_SPECCUBE_BOX_PROJECTION UNITY_SPECCUBE_BLENDING ok=1
Cmd: compileSnippet
  api=4 type=2 insize=1695 outsize=3642 kw=POINT_COOKIE GRASS_HEIGHT_SMOOTHING GRASS_WIDTH_SMOOTHING SIMPLE_GRASS GRASS_RENDERTEXTURE_DISPLACEMENT pd=UNITY_ENABLE_REFLECTION_BUFFERS UNITY_PBS_USE_BRDF1 UNITY_SPECCUBE_BOX_PROJECTION UNITY_SPECCUBE_BLENDING ok=1
Cmd: compileSnippet
  api=4 type=2 insize=1695 outsize=3642 kw=POINT SHADOWS_CUBE GRASS_HEIGHT_SMOOTHING GRASS_WIDTH_SMOOTHING SIMPLE_GRASS GRASS_RENDERTEXTURE_DISPLACEMENT pd=UNITY_ENABLE_REFLECTION_BUFFERS UNITY_PBS_USE_BRDF1 UNITY_SPECCUBE_BOX_PROJECTION UNITY_SPECCUBE_BLENDING ok=1
Cmd: compileSnippet
  api=4 type=3 insize=1695 outsize=4922 kw=SPOT GRASS_HEIGHT_SMOOTHING GRASS_WIDTH_SMOOTHING SIMPLE_GRASS pd=UNITY_ENABLE_REFLECTION_BUFFERS UNITY_PBS_USE_BRDF1 UNITY_SPECCUBE_BOX_PROJECTION UNITY_SPECCUBE_BLENDING ok=1
Cmd: compileSnippet
  api=4 type=3 insize=1695 outsize=4922 kw=POINT GRASS_HEIGHT_SMOOTHING GRASS_WIDTH_SMOOTHING SIMPLE_GRASS GRASS_RENDERTEXTURE_DISPLACEMENT pd=UNITY_ENABLE_REFLECTION_BUFFERS UNITY_PBS_USE_BRDF1 UNITY_SPECCUBE_BOX_PROJECTION UNITY_SPECCUBE_BLENDING ok=1
Cmd: compileSnippet
  api=4 type=3 insize=1695 outsize=4922 kw=POINT_COOKIE SHADOWS_CUBE GRASS_HEIGHT_SMOOTHING GRASS_WIDTH_SMOOTHING SIMPLE_GRASS GRASS_RENDERTEXTURE_DISPLACEMENT pd=UNITY_ENABLE_REFLECTION_BUFFERS UNITY_PBS_USE_BRDF1 UNITY_SPECCUBE_BOX_PROJECTION UNITY_SPECCUBE_BLENDING ok=1
Cmd: compileSnippet
  api=4 type=3 insize=1696 outsize=4922 kw=SHADOWS_CUBE GRASS_HEIGHT_SMOOTHING GRASS_WIDTH_SMOOTHING SIMPLE_GRASS pd=UNITY_ENABLE_REFLECTION_BUFFERS UNITY_PBS_USE_BRDF1 UNITY_SPECCUBE_BOX_PROJECTION UNITY_SPECCUBE_BLENDING ok=1
