Base path: C:/Program Files/Unity/Editor/Data
Cmd: getPlatforms
Cmd: compileSnippet
  api=4 type=0 insize=1683 outsize=1278 kw=DIRECTIONAL LIGHTMAP_OFF DYNAMICLIGHTMAP_OFF VERTEXLIGHT_ON GRASS_HEIGHT_SMOOTHING GRASS_WIDTH_SMOOTHING SIMPLE_GRASS pd=UNITY_ENABLE_REFLECTION_BUFFERS UNITY_PBS_USE_BRDF1 UNITY_SPECCUBE_BOX_PROJECTION UNITY_SPECCUBE_BLENDING ok=1
Cmd: compileSnippet
  api=4 type=0 insize=1695 outsize=1278 kw=DIRECTIONAL_COOKIE GRASS_HEIGHT_SMOOTHING GRASS_WIDTH_SMOOTHING SIMPLE_GRASS pd=UNITY_ENABLE_REFLECTION_BUFFERS UNITY_PBS_USE_BRDF1 UNITY_SPECCUBE_BOX_PROJECTION UNITY_SPECCUBE_BLENDING ok=1
Cmd: compileSnippet
  api=4 type=0 insize=1695 outsize=1206 kw=POINT SHADOWS_CUBE SHADOWS_SOFT GRASS_HEIGHT_SMOOTHING GRASS_WIDTH_SMOOTHING SIMPLE_GRASS pd=UNITY_ENABLE_REFLECTION_BUFFERS UNITY_PBS_USE_BRDF1 UNITY_SPECCUBE_BOX_PROJECTION UNITY_SPECCUBE_BLENDING ok=1
Cmd: compileSnippet
  api=4 type=0 insize=1695 outsize=1278 kw=DIRECTIONAL SHADOWS_SCREEN GRASS_HEIGHT_SMOOTHING GRASS_WIDTH_SMOOTHING SIMPLE_GRASS GRASS_RENDERTEXTURE_DISPLACEMENT pd=UNITY_ENABLE_REFLECTION_BUFFERS UNITY_PBS_USE_BRDF1 UNITY_SPECCUBE_BOX_PROJECTION UNITY_SPECCUBE_BLENDING ok=1
Cmd: compileSnippet
  api=4 type=1 insize=1695 outsize=3430 kw=POINT SHADOWS_CUBE GRASS_HEIGHT_SMOOTHING GRASS_WIDTH_SMOOTHING SIMPLE_GRASS pd=UNITY_ENABLE_REFLECTION_BUFFERS UNITY_PBS_USE_BRDF1 UNITY_SPECCUBE_BOX_PROJECTION UNITY_SPECCUBE_BLENDING ok=1
Cmd: compileSnippet
  api=4 type=1 insize=1695 outsize=3338 kw=SPOT GRASS_HEIGHT_SMOOTHING GRASS_WIDTH_SMOOTHING SIMPLE_GRASS GRASS_RENDERTEXTURE_DISPLACEMENT pd=UNITY_ENABLE_REFLECTION_BUFFERS UNITY_PBS_USE_BRDF1 UNITY_SPECCUBE_BOX_PROJECTION UNITY_SPECCUBE_BLENDING ok=1
Cmd: compileSnippet
  api=4 type=1 insize=1695 outsize=3926 kw=SPOT SHADOWS_DEPTH SHADOWS_SOFT GRASS_HEIGHT_SMOOTHING GRASS_WIDTH_SMOOTHING SIMPLE_GRASS GRASS_RENDERTEXTURE_DISPLACEMENT pd=UNITY_ENABLE_REFLECTION_BUFFERS UNITY_PBS_USE_BRDF1 UNITY_SPECCUBE_BOX_PROJECTION UNITY_SPECCUBE_BLENDING ok=1
Cmd: compileSnippet
  api=4 type=4 insize=1695 outsize=8242 kw=POINT_COOKIE GRASS_HEIGHT_SMOOTHING GRASS_WIDTH_SMOOTHING SIMPLE_GRASS pd=UNITY_ENABLE_REFLECTION_BUFFERS UNITY_PBS_USE_BRDF1 UNITY_SPECCUBE_BOX_PROJECTION UNITY_SPECCUBE_BLENDING ok=1
Cmd: compileSnippet
  api=4 type=4 insize=1695 outsize=9114 kw=POINT_COOKIE SHADOWS_CUBE GRASS_HEIGHT_SMOOTHING GRASS_WIDTH_SMOOTHING SIMPLE_GRASS pd=UNITY_ENABLE_REFLECTION_BUFFERS UNITY_PBS_USE_BRDF1 UNITY_SPECCUBE_BOX_PROJECTION UNITY_SPECCUBE_BLENDING ok=1
Cmd: compileSnippet
  api=4 type=4 insize=1695 outsize=8314 kw=DIRECTIONAL_COOKIE GRASS_HEIGHT_SMOOTHING GRASS_WIDTH_SMOOTHING SIMPLE_GRASS GRASS_RENDERTEXTURE_DISPLACEMENT pd=UNITY_ENABLE_REFLECTION_BUFFERS UNITY_PBS_USE_BRDF1 UNITY_SPECCUBE_BOX_PROJECTION UNITY_SPECCUBE_BLENDING ok=1
Cmd: compileSnippet
  api=4 type=4 insize=1695 outsize=9398 kw=POINT_COOKIE SHADOWS_CUBE SHADOWS_SOFT GRASS_HEIGHT_SMOOTHING GRASS_WIDTH_SMOOTHING SIMPLE_GRASS GRASS_RENDERTEXTURE_DISPLACEMENT pd=UNITY_ENABLE_REFLECTION_BUFFERS UNITY_PBS_USE_BRDF1 UNITY_SPECCUBE_BOX_PROJECTION UNITY_SPECCUBE_BLENDING ok=1
Cmd: compileSnippet
  api=4 type=2 insize=1695 outsize=3642 kw=DIRECTIONAL_COOKIE SHADOWS_SCREEN GRASS_HEIGHT_SMOOTHING GRASS_WIDTH_SMOOTHING SIMPLE_GRASS pd=UNITY_ENABLE_REFLECTION_BUFFERS UNITY_PBS_USE_BRDF1 UNITY_SPECCUBE_BOX_PROJECTION UNITY_SPECCUBE_BLENDING ok=1
Cmd: compileSnippet
  api=4 type=2 insize=1695 outsize=3642 kw=DIRECTIONAL GRASS_HEIGHT_SMOOTHING GRASS_WIDTH_SMOOTHING SIMPLE_GRASS GRASS_RENDERTEXTURE_DISPLACEMENT pd=UNITY_ENABLE_REFLECTION_BUFFERS UNITY_PBS_USE_BRDF1 UNITY_SPECCUBE_BOX_PROJECTION UNITY_SPECCUBE_BLENDING ok=1
Cmd: compileSnippet
  api=4 type=2 insize=1695 outsize=3642 kw=SPOT SHADOWS_DEPTH SHADOWS_SOFT GRASS_HEIGHT_SMOOTHING GRASS_WIDTH_SMOOTHING SIMPLE_GRASS GRASS_RENDERTEXTURE_DISPLACEMENT pd=UNITY_ENABLE_REFLECTION_BUFFERS UNITY_PBS_USE_BRDF1 UNITY_SPECCUBE_BOX_PROJECTION UNITY_SPECCUBE_BLENDING ok=1
Cmd: compileSnippet
  api=4 type=3 insize=1695 outsize=4922 kw=DIRECTIONAL_COOKIE GRASS_HEIGHT_SMOOTHING GRASS_WIDTH_SMOOTHING SIMPLE_GRASS pd=UNITY_ENABLE_REFLECTION_BUFFERS UNITY_PBS_USE_BRDF1 UNITY_SPECCUBE_BOX_PROJECTION UNITY_SPECCUBE_BLENDING ok=1
Cmd: compileSnippet
  api=4 type=3 insize=1695 outsize=4922 kw=DIRECTIONAL GRASS_HEIGHT_SMOOTHING GRASS_WIDTH_SMOOTHING SIMPLE_GRASS GRASS_RENDERTEXTURE_DISPLACEMENT pd=UNITY_ENABLE_REFLECTION_BUFFERS UNITY_PBS_USE_BRDF1 UNITY_SPECCUBE_BOX_PROJECTION UNITY_SPECCUBE_BLENDING ok=1
Cmd: compileSnippet
  api=4 type=3 insize=1695 outsize=4922 kw=SPOT SHADOWS_DEPTH SHADOWS_SOFT GRASS_HEIGHT_SMOOTHING GRASS_WIDTH_SMOOTHING SIMPLE_GRASS GRASS_RENDERTEXTURE_DISPLACEMENT pd=UNITY_ENABLE_REFLECTION_BUFFERS UNITY_PBS_USE_BRDF1 UNITY_SPECCUBE_BOX_PROJECTION UNITY_SPECCUBE_BLENDING ok=1
Cmd: compileSnippet
  api=4 type=0 insize=1696 outsize=2050 kw=SHADOWS_CUBE GRASS_HEIGHT_SMOOTHING GRASS_WIDTH_SMOOTHING SIMPLE_GRASS GRASS_RENDERTEXTURE_DISPLACEMENT pd=UNITY_ENABLE_REFLECTION_BUFFERS UNITY_PBS_USE_BRDF1 UNITY_SPECCUBE_BOX_PROJECTION UNITY_SPECCUBE_BLENDING ok=1
